health.log has been created just now   --- 2026-03-26 13:33:00.369447
System Check: OK   --- 2026-03-26 13:33:00.369447
System Check: OK   --- 2026-03-26 13:33:06.800465
System Check: OK   --- 2026-03-26 13:33:07.845493
System Check: OK   --- 2026-03-26 13:33:09.259056
up 1 hour, 54 minutes
up 2 hours, 46 minutes   --- 2026-03-26 21:06:51.546688
total        used        free      shared  buff/cache   available
Mem:          781Mi       609Mi        61Mi       0.0Ki       110Mi        58Mi
Swap:         2.0Gi       1.8Gi       220Mi   --- 2026-03-26 21:06:51.546688

    =*30
    检查时间：2026-03-03/27/26  02:01:07
    系统运行时间：CompletedProcess(args=['uptime', '-p'], returncode=0, stdout='up 7 hours, 40 minutes\n', stderr='')
    内存使用情况：
    total        used        free      shared  buff/cache   available
Mem:          781Mi       647Mi        57Mi       0.0Ki        76Mi        36Mi
Swap:         2.0Gi       1.8Gi       159Mi
    =*30

    
    ==============================
    检查时间：2026-03-27  02:05:28
    系统运行时间：up 7 hours, 44 minutes
    内存使用情况：
    total        used        free      shared  buff/cache   available
Mem:          781Mi       645Mi        57Mi       0.0Ki        79Mi        38Mi
Swap:         2.0Gi       1.7Gi       260Mi
    ==============================

    
==============================
检查时间：2026-03-27  02:05:50
系统运行时间：up 7 hours, 45 minutes
内存使用情况：
total        used        free      shared  buff/cache   available
Mem:          781Mi       640Mi        65Mi       0.0Ki        75Mi        44Mi
Swap:         2.0Gi       1.8Gi       188Mi
==============================

    
========================================
检查时间：2026-03-27  02:06:02
系统运行时间：up 7 hours, 45 minutes
内存使用情况：
total        used        free      shared  buff/cache   available
Mem:          781Mi       641Mi        57Mi       0.0Ki        82Mi        40Mi
Swap:         2.0Gi       1.8Gi       233Mi
========================================

    